<?xml version="1.0" encoding="UTF-8"?>
<testng-results skipped="0" failed="1" ignored="0" total="1" passed="0">
  <reporter-output>
  </reporter-output>
  <suite name="Test Suite" duration-ms="65090" started-at="2021-01-04T00:29:16Z" finished-at="2021-01-04T00:30:22Z">
    <groups>
    </groups>
    <test name="Seguros Bolivar Test" duration-ms="65090" started-at="2021-01-04T00:29:16Z" finished-at="2021-01-04T00:30:22Z">
      <class name="com.segurosbolivar.automation.tests.login.RunnerLogin">
        <test-method status="PASS" signature="before()[pri:0, instance:com.segurosbolivar.automation.tests.login.RunnerLogin@37146d87]" name="before" is-config="true" duration-ms="5130" started-at="2021-01-04T00:29:16Z" finished-at="2021-01-04T00:29:22Z">
          <reporter-output>
          </reporter-output>
        </test-method> <!-- before -->
        <test-method status="PASS" signature="before()[pri:0, instance:com.segurosbolivar.automation.tests.login.RunnerLogin@37146d87]" name="before" is-config="true" duration-ms="5072" started-at="2021-01-04T00:29:16Z" finished-at="2021-01-04T00:29:22Z">
          <reporter-output>
          </reporter-output>
        </test-method> <!-- before -->
        <test-method status="FAIL" signature="successfullLogin()[pri:0, instance:com.segurosbolivar.automation.tests.login.RunnerLogin@37146d87]" name="successfullLogin" duration-ms="25027" started-at="2021-01-04T00:29:22Z" finished-at="2021-01-04T00:29:47Z">
          <exception class="java.lang.ArrayIndexOutOfBoundsException">
            <message>
              <![CDATA[1]]>
            </message>
            <full-stacktrace>
              <![CDATA[java.lang.ArrayIndexOutOfBoundsException: 1
at com.segurosbolivar.automation.commons.Services.toByVal(Services.java:86)
at com.segurosbolivar.automation.commons.Services.waitingForElement(Services.java:34)
at com.segurosbolivar.automation.tests.login.MethodsLogin.fillAllTheRequiredFields(MethodsLogin.java:34)
at com.segurosbolivar.automation.tests.login.StepsLogin.fillAll(StepsLogin.java:27)
at com.segurosbolivar.automation.tests.login.RunnerLogin.successfullLogin(RunnerLogin.java:14)
at sun.reflect.NativeMethodAccessorImpl.invoke0(Native Method)
at sun.reflect.NativeMethodAccessorImpl.invoke(NativeMethodAccessorImpl.java:62)
at sun.reflect.DelegatingMethodAccessorImpl.invoke(DelegatingMethodAccessorImpl.java:43)
at java.lang.reflect.Method.invoke(Method.java:498)
at org.testng.internal.MethodInvocationHelper.invokeMethod(MethodInvocationHelper.java:124)
at org.testng.internal.Invoker.invokeMethod(Invoker.java:583)
at org.testng.internal.Invoker.invokeTestMethod(Invoker.java:719)
at org.testng.internal.Invoker.invokeTestMethods(Invoker.java:989)
at org.testng.internal.TestMethodWorker.invokeTestMethods(TestMethodWorker.java:125)
at org.testng.internal.TestMethodWorker.run(TestMethodWorker.java:109)
at java.util.concurrent.ThreadPoolExecutor.runWorker(ThreadPoolExecutor.java:1149)
at java.util.concurrent.ThreadPoolExecutor$Worker.run(ThreadPoolExecutor.java:624)
at java.lang.Thread.run(Thread.java:748)
]]>
            </full-stacktrace>
          </exception> <!-- java.lang.ArrayIndexOutOfBoundsException -->
          <reporter-output>
          </reporter-output>
        </test-method> <!-- successfullLogin -->
        <test-method status="PASS" signature="after()[pri:0, instance:com.segurosbolivar.automation.tests.login.RunnerLogin@37146d87]" name="after" is-config="true" duration-ms="222" started-at="2021-01-04T00:29:49Z" finished-at="2021-01-04T00:29:49Z">
          <reporter-output>
          </reporter-output>
        </test-method> <!-- after -->
      </class> <!-- com.segurosbolivar.automation.tests.login.RunnerLogin -->
      <class name="com.segurosbolivar.automation.tests.PublishHome.RunnerPublishHome">
        <test-method status="PASS" signature="before()[pri:0, instance:com.segurosbolivar.automation.tests.PublishHome.RunnerPublishHome@1ae41761]" name="before" is-config="true" duration-ms="2172" started-at="2021-01-04T00:29:59Z" finished-at="2021-01-04T00:30:01Z">
          <reporter-output>
          </reporter-output>
        </test-method> <!-- before -->
        <test-method status="PASS" signature="before()[pri:0, instance:com.segurosbolivar.automation.tests.PublishHome.RunnerPublishHome@1ae41761]" name="before" is-config="true" duration-ms="2510" started-at="2021-01-04T00:30:06Z" finished-at="2021-01-04T00:30:08Z">
          <reporter-output>
          </reporter-output>
        </test-method> <!-- before -->
        <test-method status="PASS" signature="before()[pri:0, instance:com.segurosbolivar.automation.tests.PublishHome.RunnerPublishHome@1ae41761]" name="before" is-config="true" duration-ms="3253" started-at="2021-01-04T00:30:13Z" finished-at="2021-01-04T00:30:17Z">
          <reporter-output>
          </reporter-output>
        </test-method> <!-- before -->
      </class> <!-- com.segurosbolivar.automation.tests.PublishHome.RunnerPublishHome -->
    </test> <!-- Seguros Bolivar Test -->
  </suite> <!-- Test Suite -->
</testng-results>
